{"level":"error","message":"producto con id 20 no encontrado"}
{"level":"error","message":null}
{"level":"error","message":null}
{"level":"error","message":null}
{"level":"error","message":null}
{"level":"error","message":null}
{"level":"error","message":null}
{"level":"error","message":"error al buscar por id CastError: Cast to Number failed for value \"{}\" (type Object) at path \"id\" for model \"cart\""}
{"level":"error","message":"error al buscar por id CastError: Cast to Number failed for value \"{}\" (type Object) at path \"id\" for model \"cart\""}
{"level":"error","message":"error al buscar por id CastError: Cast to Number failed for value \"{}\" (type Object) at path \"id\" for model \"cart\""}
{"level":"error","message":"error al buscar por id CastError: Cast to Number failed for value \"{}\" (type Object) at path \"id\" for model \"cart\""}
{"level":"error","message":"error al buscar por id CastError: Cast to Number failed for value \"{}\" (type Object) at path \"id\" for model \"cart\""}
{"level":"error","message":"error al buscar por id CastError: Cast to Number failed for value \"{}\" (type Object) at path \"id\" for model \"cart\""}
{"level":"error","message":null}
{"level":"error","message":null}
{"level":"error","message":null}
{"level":"error","message":null}
{"level":"error","message":null}
{"level":"error","message":null}
{"level":"error","message":"error al buscar por id TypeError: Cannot read properties of undefined (reading 'username')"}
{"level":"error","message":null}
{"level":"error","message":null}
{"level":"error","message":null}
{"level":"error","message":null}
{"level":"error","message":null}
{"level":"error","message":null}
{"level":"error","message":null}
{"level":"error","message":null}
{"level":"error","message":null}
{"level":"error","message":null}
{"level":"error","message":null}
{"level":"error","message":null}
{"level":"error","message":null}
{"level":"error","message":null}
{"level":"error","message":null}
{"level":"error","message":null}
{"level":"error","message":null}
{"level":"error","message":null}
{"level":"error","message":null}
{"level":"error","message":null}
{"level":"error","message":null}
{"level":"error","message":null}
{"level":"error","message":null}
{"level":"error","message":null}
{"level":"error","message":null}
{"level":"error","message":null}
{"level":"error","message":null}
{"level":"error","message":null}
{"level":"error","message":null}
{"level":"error","message":null}
{"level":"error","message":null}
{"level":"error","message":null}
{"level":"error","message":null}
{"level":"error","message":null}
{"level":"error","message":null}
{"level":"error","message":null}
{"level":"error","message":null}
{"level":"error","message":null}
{"level":"error","message":null}
{"level":"error","message":null}
{"level":"error","message":null}
{"level":"error","message":null}
{"level":"error","message":null}
{"level":"error","message":null}
{"level":"error","message":null}
{"level":"error","message":"error al buscar por id CastError: Cast to Number failed for value \"6341bafb196f8a9241c540a6\" (type string) at path \"id\" for model \"cart\""}
{"level":"error","message":"error al buscar por id CastError: Cast to Number failed for value \"6341bafb196f8a9241c540a6\" (type string) at path \"id\" for model \"cart\""}
{"level":"error","message":"error al buscar por id CastError: Cast to Number failed for value \"6341bafb196f8a9241c540a6\" (type string) at path \"id\" for model \"cart\""}
{"level":"error","message":null}
{"level":"error","message":null}
{"level":"error","message":null}
{"level":"error","message":null}
{"level":"error","message":null}
{"level":"error","message":null}
{"level":"error","message":null}
{"level":"error","message":null}
{"level":"error","message":null}
{"level":"error","message":null}
{"level":"error","message":null}
{"level":"error","message":null}
{"level":"error","message":null}
{"level":"error","message":null}
{"level":"error","message":null}
{"level":"error","message":null}
{"level":"error","message":"error en deleteById ReferenceError: result is not defined"}
{"level":"error","message":"error en deleteById ReferenceError: result is not defined"}
{"level":"error","message":"error en deleteById ReferenceError: result is not defined"}
{"level":"error","message":"error en deleteById ReferenceError: result is not defined"}
{"level":"error","message":"error en deleteById ReferenceError: result is not defined"}
{"level":"error","message":null}
{"level":"error","message":null}
{"level":"error","message":null}
{"level":"error","message":null}
{"level":"error","message":"el error al guardar fue: ValidationError: messageBody: Cast to string failed for value \"{ messageBody: 'hola' }\" (type Object) at path \"messageBody\""}
{"level":"error","message":"el error al guardar fue: ValidationError: messageBody: Cast to string failed for value \"{ messageBody: 'hola' }\" (type Object) at path \"messageBody\""}
{"level":"error","message":"el error al guardar fue: ValidationError: messageBody: Cast to string failed for value \"{ messageBody: 'hola' }\" (type Object) at path \"messageBody\""}
{"level":"error","message":"el error al guardar fue: ValidationError: messageBody: Cast to string failed for value \"{ type: 'usuario', messageBody: 'buenas' }\" (type Object) at path \"messageBody\""}
{"level":"error","message":"el error al guardar fue: ValidationError: messageBody: Cast to string failed for value \"{\n  type: 'usuario',\n  timestamp: '16/10/2022, 23:53:03',\n  messageBody: 'buenas'\n}\" (type Object) at path \"messageBody\""}
{"level":"error","message":"el error al guardar fue: ValidationError: messageBody: Cast to string failed for value \"{\n  type: 'usuario',\n  timestamp: '16/10/2022, 23:53:12',\n  messageBody: 'buenas'\n}\" (type Object) at path \"messageBody\""}
{"level":"error","message":"el error al guardar fue: ValidationError: messageBody: Cast to string failed for value \"{ timestamp: '16/10/2022, 23:55:00', messageBody: 'soy lulio' }\" (type Object) at path \"messageBody\""}
{"level":"error","message":"el error al guardar fue: ValidationError: messageBody: Cast to string failed for value \"{ timestamp: '16/10/2022, 23:58:11', messageBody: 'soy lulio' }\" (type Object) at path \"messageBody\""}
{"level":"error","message":null}
{"level":"error","message":"el error al guardar fue: ValidationError: timestamp: Cast to date failed for value \"17/10/2022, 0:19:17\" (type string) at path \"timestamp\""}
{"level":"error","message":"el error al guardar fue: ValidationError: timestamp: Cast to date failed for value \"1.665.977.931.407\" (type string) at path \"timestamp\""}
{"level":"error","message":"el error al guardar fue: ValidationError: email: Cast to string failed for value \"{}\" (type Object) at path \"email\""}
{"level":"error","message":null}
{"level":"error","message":null}
{"level":"error","message":null}
{"level":"error","message":null}
{"level":"error","message":"error al buscar por id CastError: Cast to string failed for value \"{}\" (type Object) at path \"username\" for model \"user\""}
{"level":"error","message":"error al buscar por id CastError: Cast to string failed for value \"{}\" (type Object) at path \"username\" for model \"user\""}
{"level":"error","message":"error al buscar por id CastError: Cast to string failed for value \"{}\" (type Object) at path \"username\" for model \"user\""}
{"level":"error","message":"error al buscar por id CastError: Cast to string failed for value \"{}\" (type Object) at path \"username\" for model \"user\""}
{"level":"error","message":"error al buscar por id CastError: Cast to string failed for value \"{}\" (type Object) at path \"username\" for model \"user\""}
{"level":"error","message":"error al buscar por id CastError: Cast to string failed for value \"{}\" (type Object) at path \"username\" for model \"user\""}
{"level":"error","message":"error al buscar por id CastError: Cast to string failed for value \"{}\" (type Object) at path \"username\" for model \"user\""}
{"level":"error","message":"error al buscar por id CastError: Cast to string failed for value \"{}\" (type Object) at path \"username\" for model \"user\""}
{"level":"error","message":"error al buscar por id CastError: Cast to string failed for value \"{}\" (type Object) at path \"username\" for model \"user\""}
